<?xml version="1.0" encoding="UTF-8"?>
<!-- Generated by org.testng.reporters.JUnitReportReporter -->
<testsuite skipped="0" hostname="E0366482" name="testpack.TC_001" tests="2" failures="0" timestamp="26 May 2018 19:39:48 GMT" time="0.029" errors="0">
  <testcase name="tc_002" time="0.025" classname="testpack.TC_001"/>
  <testcase name="tc_003" time="0.004" classname="testpack.TC_001"/>
</testsuite> <!-- testpack.TC_001 -->
